<html><head><title>Test Report</title></head><body><h1>Test Execution Report</h1><table border='1'><thead><tr><th>Test Case</th><th>Status</th><th>Details</th></tr></thead><tbody><tr><td>tests.test_api_continue_ui.test_add_api_check_ui.AddToCart.test_add_item_to_cart</td><td>Pass</td><td></td></tr><tr><td>tests.test_api_continue_ui.test_add_api_check_ui.AddToCart.test_check_remove_item</td><td>Pass</td><td></td></tr><tr><td>tests.functional_tests.title_test.terminalTitleTest.test_parallel</td><td>Pass</td><td></td></tr><tr><td>tests.functional_tests.test_search_is_good.searchTest.test_search_is_good</td><td>Pass</td><td></td></tr><tr><td>tests.functional_tests.test_search_is_good.searchTest.test_search_not_good_key</td><td>Pass</td><td></td></tr><tr><td>tests.functional_tests.test_log_in.TerminalXLoginTest.test_login_to_terminal</td><td>Pass</td><td></td></tr><tr><td>tests.functional_tests.test_Check_Sale_Page_Is_OK.TerminalXTest.test_terminal_x_on_sale_page</td><td>Pass</td><td></td></tr><tr><td>tests.functional_tests.test_check_price.TerminalXProductTest.test_sort_price_low_to_high</td><td>Pass</td><td></td></tr><tr><td>tests.functional_tests.test_case_2_negative.negative_input_last_name_Test.test_negative_input_last_name</td><td>Fail</td><td>Traceback (most recent call last):
  File &quot;C:\Users\hp\PycharmProjects\pythonProject5_terminalX_check\tests\functional_tests\test_case_2_negative.py&quot;, line 29, in test_negative_input_last_name
    self.assertTrue(False, self.cart_page)
AssertionError: False is not true : &lt;logic.cart_page.CartPage object at 0x0000012F5C111DC0&gt;
</td></tr><tr><td>tests.api_tests.test_api_page.AddToCartThroughAPI.test_add_item_to_cart</td><td>Pass</td><td></td></tr><tr><td>tests.api_tests.test_api_page.AddToCartThroughAPI.test_get_cart_information</td><td>Pass</td><td></td></tr><tr><td>tests.api_tests.test_api_page.AddToCartThroughAPI.test_login_pass</td><td>Pass</td><td></td></tr><tr><td>tests.api_tests.test_api_page.AddToCartThroughAPI.test_remove_item_from_cart</td><td>Pass</td><td></td></tr></tbody></table><h2>Summary</h2><p>Ran 13 tests in 260.14s</p><p><strong>FAILED</strong> (failures=1, errors=0)</p></body></html>